<?xml version="1.0" encoding="UTF-8"?>
<!-- Generated by org.testng.reporters.JUnitXMLReporter -->
<testsuite hostname="Lenovo" ignored="2" name="ignore_class" tests="1" failures="0" timestamp="2021-11-21T00:37:38 IST" time="0.158" errors="0">
  <testcase name="name1" time="0.023" classname="com.testNG_Features.ignore_class"/>
  <testcase name="name" time="0.0" classname="com.testNG_Features.ignore_class">
    <ignored/>
  </testcase> <!-- name -->
  <testcase name="name3" time="0.0" classname="com.testNG_Features.ignore_class">
    <ignored/>
  </testcase> <!-- name3 -->
</testsuite> <!-- ignore_class -->
