<?xml version="1.0" encoding="UTF-8"?>
<testng-results skipped="0" failed="0" ignored="0" total="1" passed="1">
  <reporter-output>
  </reporter-output>
  <suite name="Default suite" duration-ms="157" started-at="2021-11-29T14:21:43 IST" finished-at="2021-11-29T14:21:44 IST">
    <groups>
    </groups>
    <test name="Default test" duration-ms="157" started-at="2021-11-29T14:21:43 IST" finished-at="2021-11-29T14:21:44 IST">
      <class name="com.testNG_Features.Parameterized_cls">
        <test-method status="PASS" signature="given(java.lang.String,java.lang.String)[pri:0, instance:com.testNG_Features.Parameterized_cls@458c1321]" name="given" duration-ms="25" started-at="2021-11-29T14:21:44 IST" finished-at="2021-11-29T14:21:44 IST">
          <params>
            <param index="0">
              <value>
                <![CDATA[dk]]>
              </value>
            </param>
            <param index="1">
              <value>
                <![CDATA[kr]]>
              </value>
            </param>
          </params>
          <reporter-output>
          </reporter-output>
        </test-method> <!-- given -->
      </class> <!-- com.testNG_Features.Parameterized_cls -->
    </test> <!-- Default test -->
  </suite> <!-- Default suite -->
</testng-results>
